<?xml version="1.0" encoding="UTF-8"?>
<beans xmlns="http://www.springframework.org/schema/beans"
    xmlns:xsi="http://www.w3.org/2001/XMLSchema-instance"
    xmlns:context="http://www.springframework.org/schema/context"
    xsi:schemaLocation="http://www.springframework.org/schema/beans https://www.springframework.org/schema/beans/spring-beans.xsd
    http://www.springframework.org/schema/context https://www.springframework.org/schema/context/spring-context.xsd">

    <context:property-placeholder
        location="classpath*:/META-INF/spring/*.properties" />

     <!-- (1) -->
    <bean id="exceptionLogger" class="org.terasoluna.gfw.common.exception.ExceptionLogger" />

    <bean id="jdbcTemplate" class="org.springframework.jdbc.core.JdbcTemplate">
        <property name="dataSource" ref="dataSource" />
    </bean>

    <!-- (2) -->
    <bean id="passwordEncoder" class="org.springframework.security.crypto.password.DelegatingPasswordEncoder">
        <constructor-arg name="idForEncode" value="pbkdf2@SpringSecurity_v5_8" />
        <constructor-arg name="idToPasswordEncoder">
            <map>
                <entry key="pbkdf2@SpringSecurity_v5_8">
                  <bean class="org.springframework.security.crypto.password.Pbkdf2PasswordEncoder" factory-method="defaultsForSpringSecurity_v5_8"/>
                </entry>
                <entry key="bcrypt">
                    <bean class="org.springframework.security.crypto.bcrypt.BCryptPasswordEncoder" />
                </entry>
                <!-- When using commented out PasswordEncoders, you need to add bcprov-jdk18on.jar to the dependency.
                <entry key="argon2@SpringSecurity_v5_8">
                    <bean class="org.springframework.security.crypto.argon2.Argon2PasswordEncoder" factory-method="defaultsForSpringSecurity_v5_8" />
                </entry>
                <entry key="scrypt@SpringSecurity_v5_8">
                    <bean class="org.springframework.security.crypto.scrypt.SCryptPasswordEncoder" factory-method="defaultsForSpringSecurity_v5_8" />
                </entry>
                -->
            </map>
        </constructor-arg>
    </bean>
    <!-- 業務に応じてBean定義を追加 -->

  </beans>
  